<?xml version="1.0" encoding="UTF-8"?>
<testsuite xmlns:xsi="http://www.w3.org/2001/XMLSchema-instance" xsi:noNamespaceSchemaLocation="https://maven.apache.org/surefire/maven-surefire-plugin/xsd/surefire-test-report.xsd" name="DefaultNodesModelTest" time="0.235" tests="11" errors="0" skipped="0" failures="0">
  <properties>
    <property name="java.specification.version" value="17"/>
    <property name="sun.jnu.encoding" value="UTF-8"/>
    <property name="java.class.path" value="/home/damian/IdeaProjects/UniHelper/target/test-classes:/home/damian/IdeaProjects/UniHelper/target/classes:/home/damian/.m2/repository/org/junit/jupiter/junit-jupiter/5.9.0/junit-jupiter-5.9.0.jar:/home/damian/.m2/repository/org/junit/jupiter/junit-jupiter-params/5.9.0/junit-jupiter-params-5.9.0.jar:/home/damian/.m2/repository/org/junit/jupiter/junit-jupiter-engine/5.9.0/junit-jupiter-engine-5.9.0.jar:/home/damian/.m2/repository/org/junit/platform/junit-platform-engine/1.9.0/junit-platform-engine-1.9.0.jar:/home/damian/.m2/repository/org/junit/jupiter/junit-jupiter-api/5.9.0/junit-jupiter-api-5.9.0.jar:/home/damian/.m2/repository/org/opentest4j/opentest4j/1.2.0/opentest4j-1.2.0.jar:/home/damian/.m2/repository/org/junit/platform/junit-platform-commons/1.9.0/junit-platform-commons-1.9.0.jar:/home/damian/.m2/repository/org/apiguardian/apiguardian-api/1.1.2/apiguardian-api-1.1.2.jar:/home/damian/.m2/repository/com/formdev/flatlaf/2.4/flatlaf-2.4.jar:/home/damian/.m2/repository/org/projectlombok/lombok/1.18.24/lombok-1.18.24.jar:/home/damian/.m2/repository/com/fasterxml/jackson/core/jackson-databind/2.13.3/jackson-databind-2.13.3.jar:/home/damian/.m2/repository/com/fasterxml/jackson/core/jackson-annotations/2.13.3/jackson-annotations-2.13.3.jar:/home/damian/.m2/repository/com/fasterxml/jackson/core/jackson-core/2.13.3/jackson-core-2.13.3.jar:"/>
    <property name="java.vm.vendor" value="Oracle Corporation"/>
    <property name="sun.arch.data.model" value="64"/>
    <property name="java.vendor.url" value="https://java.oracle.com/"/>
    <property name="os.name" value="Linux"/>
    <property name="java.vm.specification.version" value="17"/>
    <property name="sun.java.launcher" value="SUN_STANDARD"/>
    <property name="user.country" value="US"/>
    <property name="sun.boot.library.path" value="/home/damian/.jdks/openjdk-17.0.2/lib"/>
    <property name="sun.java.command" value="/home/damian/IdeaProjects/UniHelper/target/surefire/surefirebooter2625164607821225812.jar /home/damian/IdeaProjects/UniHelper/target/surefire 2022-08-10T14-42-00_112-jvmRun1 surefire13375943399637047924tmp surefire_02114682071989168227tmp"/>
    <property name="jdk.debug" value="release"/>
    <property name="surefire.test.class.path" value="/home/damian/IdeaProjects/UniHelper/target/test-classes:/home/damian/IdeaProjects/UniHelper/target/classes:/home/damian/.m2/repository/org/junit/jupiter/junit-jupiter/5.9.0/junit-jupiter-5.9.0.jar:/home/damian/.m2/repository/org/junit/jupiter/junit-jupiter-params/5.9.0/junit-jupiter-params-5.9.0.jar:/home/damian/.m2/repository/org/junit/jupiter/junit-jupiter-engine/5.9.0/junit-jupiter-engine-5.9.0.jar:/home/damian/.m2/repository/org/junit/platform/junit-platform-engine/1.9.0/junit-platform-engine-1.9.0.jar:/home/damian/.m2/repository/org/junit/jupiter/junit-jupiter-api/5.9.0/junit-jupiter-api-5.9.0.jar:/home/damian/.m2/repository/org/opentest4j/opentest4j/1.2.0/opentest4j-1.2.0.jar:/home/damian/.m2/repository/org/junit/platform/junit-platform-commons/1.9.0/junit-platform-commons-1.9.0.jar:/home/damian/.m2/repository/org/apiguardian/apiguardian-api/1.1.2/apiguardian-api-1.1.2.jar:/home/damian/.m2/repository/com/formdev/flatlaf/2.4/flatlaf-2.4.jar:/home/damian/.m2/repository/org/projectlombok/lombok/1.18.24/lombok-1.18.24.jar:/home/damian/.m2/repository/com/fasterxml/jackson/core/jackson-databind/2.13.3/jackson-databind-2.13.3.jar:/home/damian/.m2/repository/com/fasterxml/jackson/core/jackson-annotations/2.13.3/jackson-annotations-2.13.3.jar:/home/damian/.m2/repository/com/fasterxml/jackson/core/jackson-core/2.13.3/jackson-core-2.13.3.jar:"/>
    <property name="sun.cpu.endian" value="little"/>
    <property name="user.home" value="/home/damian"/>
    <property name="user.language" value="en"/>
    <property name="java.specification.vendor" value="Oracle Corporation"/>
    <property name="java.version.date" value="2022-01-18"/>
    <property name="java.home" value="/home/damian/.jdks/openjdk-17.0.2"/>
    <property name="file.separator" value="/"/>
    <property name="basedir" value="/home/damian/IdeaProjects/UniHelper"/>
    <property name="java.vm.compressedOopsMode" value="32-bit"/>
    <property name="line.separator" value="&#10;"/>
    <property name="java.vm.specification.vendor" value="Oracle Corporation"/>
    <property name="java.specification.name" value="Java Platform API Specification"/>
    <property name="surefire.real.class.path" value="/home/damian/IdeaProjects/UniHelper/target/surefire/surefirebooter2625164607821225812.jar"/>
    <property name="awt.useSystemAAFontSettings" value="on"/>
    <property name="sun.management.compiler" value="HotSpot 64-Bit Tiered Compilers"/>
    <property name="java.runtime.version" value="17.0.2+8-86"/>
    <property name="user.name" value="damian"/>
    <property name="path.separator" value=":"/>
    <property name="os.version" value="5.18.11-arch1-1"/>
    <property name="java.runtime.name" value="OpenJDK Runtime Environment"/>
    <property name="file.encoding" value="UTF-8"/>
    <property name="java.vm.name" value="OpenJDK 64-Bit Server VM"/>
    <property name="localRepository" value="/home/damian/.m2/repository"/>
    <property name="java.vendor.url.bug" value="https://bugreport.java.com/bugreport/"/>
    <property name="java.io.tmpdir" value="/tmp"/>
    <property name="idea.version" value="2021.3.2"/>
    <property name="java.version" value="17.0.2"/>
    <property name="user.dir" value="/home/damian/IdeaProjects/UniHelper"/>
    <property name="os.arch" value="amd64"/>
    <property name="java.vm.specification.name" value="Java Virtual Machine Specification"/>
    <property name="native.encoding" value="UTF-8"/>
    <property name="java.library.path" value="/usr/java/packages/lib:/usr/lib64:/lib64:/lib:/usr/lib"/>
    <property name="java.vm.info" value="mixed mode, sharing"/>
    <property name="java.vendor" value="Oracle Corporation"/>
    <property name="java.vm.version" value="17.0.2+8-86"/>
    <property name="sun.io.unicode.encoding" value="UnicodeLittle"/>
    <property name="java.class.version" value="61.0"/>
  </properties>
  <testcase name="deleteNoteShouldNotFailWhenDeletingNonExistingNote" classname="DefaultNodesModelTest" time="0.185"/>
  <testcase name="OnlyNotesWithEqualTitleAndDataShouldBeEqual" classname="DefaultNodesModelTest" time="0.003"/>
  <testcase name="whenUpdatingWithEmptyGetAllNotesShouldReturnEmpty" classname="DefaultNodesModelTest" time="0.001"/>
  <testcase name="givenTwoEqualNotesBothShouldBePresent" classname="DefaultNodesModelTest" time="0.012"/>
  <testcase name="getAllNotesShouldReturnAllTheNotes" classname="DefaultNodesModelTest" time="0.003"/>
  <testcase name="whenNoSuchNoteGetNoteByTitleShouldReturnNull" classname="DefaultNodesModelTest" time="0.003"/>
  <testcase name="afterAddNotesSizeShouldNotBeZero" classname="DefaultNodesModelTest" time="0.002"/>
  <testcase name="saveFileShouldExist" classname="DefaultNodesModelTest" time="0.002"/>
  <testcase name="deleteNoteShouldDeleteOnlyGivenNote" classname="DefaultNodesModelTest" time="0.002"/>
  <testcase name="afterUpdateNotesShouldHaveOnlyGivenNotes" classname="DefaultNodesModelTest" time="0.006"/>
  <testcase name="getNoteByTitleShouldReturnCorrectNote" classname="DefaultNodesModelTest" time="0.004"/>
</testsuite>